2020-04-09 09:55:24.952  INFO 10740 --- [restartedMain] com.qau.CommunityApplication             : Starting CommunityApplication on DESKTOP-3BQCHIA with PID 10740 (F:\JavaForum\target\classes started by 13557 in F:\JavaForum)
2020-04-09 09:55:24.959  INFO 10740 --- [restartedMain] com.qau.CommunityApplication             : No active profile set, falling back to default profiles: default
2020-04-09 09:55:25.307  INFO 10740 --- [restartedMain] .e.DevToolsPropertyDefaultsPostProcessor : Devtools property defaults active! Set 'spring.devtools.add-properties' to 'false' to disable
2020-04-09 09:55:25.308  INFO 10740 --- [restartedMain] .e.DevToolsPropertyDefaultsPostProcessor : For additional web related logging consider setting the 'logging.level.web' property to 'DEBUG'
2020-04-09 09:55:27.931  INFO 10740 --- [restartedMain] o.s.b.w.embedded.tomcat.TomcatWebServer  : Tomcat initialized with port(s): 8080 (http)
2020-04-09 09:55:27.947  INFO 10740 --- [restartedMain] o.apache.catalina.core.StandardService   : Starting service [Tomcat]
2020-04-09 09:55:27.947  INFO 10740 --- [restartedMain] org.apache.catalina.core.StandardEngine  : Starting Servlet engine: [Apache Tomcat/9.0.31]
2020-04-09 09:55:28.105  INFO 10740 --- [restartedMain] o.a.c.c.C.[Tomcat].[localhost].[/]       : Initializing Spring embedded WebApplicationContext
2020-04-09 09:55:28.105  INFO 10740 --- [restartedMain] o.s.web.context.ContextLoader            : Root WebApplicationContext: initialization completed in 2796 ms
2020-04-09 09:55:28.884  INFO 10740 --- [restartedMain] o.s.s.concurrent.ThreadPoolTaskExecutor  : Initializing ExecutorService 'applicationTaskExecutor'
2020-04-09 09:55:28.948  INFO 10740 --- [restartedMain] o.s.b.a.w.s.WelcomePageHandlerMapping    : Adding welcome page template: index
2020-04-09 09:55:29.350  INFO 10740 --- [restartedMain] o.s.b.d.a.OptionalLiveReloadServer       : LiveReload server is running on port 35729
2020-04-09 09:55:29.408  INFO 10740 --- [restartedMain] o.s.b.w.embedded.tomcat.TomcatWebServer  : Tomcat started on port(s): 8080 (http) with context path ''
2020-04-09 09:55:29.411  INFO 10740 --- [restartedMain] com.qau.CommunityApplication             : Started CommunityApplication in 5.556 seconds (JVM running for 8.258)
2020-04-09 09:55:54.094  INFO 10740 --- [http-nio-8080-exec-1] o.a.c.c.C.[Tomcat].[localhost].[/]       : Initializing Spring DispatcherServlet 'dispatcherServlet'
2020-04-09 09:55:54.095  INFO 10740 --- [http-nio-8080-exec-1] o.s.web.servlet.DispatcherServlet        : Initializing Servlet 'dispatcherServlet'
2020-04-09 09:55:54.105  INFO 10740 --- [http-nio-8080-exec-1] o.s.web.servlet.DispatcherServlet        : Completed initialization in 9 ms
2020-04-09 09:55:54.338  WARN 10740 --- [http-nio-8080-exec-1] .m.m.a.ExceptionHandlerExceptionResolver : Resolved [org.apache.ibatis.builder.IncompleteElementException: Could not find SQL statement to include with refid 'com.qau.mapper.UserMapper.Blob_Column_List']
2020-04-09 09:56:41.034  INFO 13080 --- [restartedMain] com.qau.CommunityApplication             : Starting CommunityApplication on DESKTOP-3BQCHIA with PID 13080 (F:\JavaForum\target\classes started by 13557 in F:\JavaForum)
2020-04-09 09:56:41.038  INFO 13080 --- [restartedMain] com.qau.CommunityApplication             : No active profile set, falling back to default profiles: default
2020-04-09 09:56:41.098  INFO 13080 --- [restartedMain] .e.DevToolsPropertyDefaultsPostProcessor : Devtools property defaults active! Set 'spring.devtools.add-properties' to 'false' to disable
2020-04-09 09:56:41.099  INFO 13080 --- [restartedMain] .e.DevToolsPropertyDefaultsPostProcessor : For additional web related logging consider setting the 'logging.level.web' property to 'DEBUG'
2020-04-09 09:56:42.398  INFO 13080 --- [restartedMain] o.s.b.w.embedded.tomcat.TomcatWebServer  : Tomcat initialized with port(s): 8080 (http)
2020-04-09 09:56:42.406  INFO 13080 --- [restartedMain] o.apache.catalina.core.StandardService   : Starting service [Tomcat]
2020-04-09 09:56:42.406  INFO 13080 --- [restartedMain] org.apache.catalina.core.StandardEngine  : Starting Servlet engine: [Apache Tomcat/9.0.31]
2020-04-09 09:56:42.483  INFO 13080 --- [restartedMain] o.a.c.c.C.[Tomcat].[localhost].[/]       : Initializing Spring embedded WebApplicationContext
2020-04-09 09:56:42.483  INFO 13080 --- [restartedMain] o.s.web.context.ContextLoader            : Root WebApplicationContext: initialization completed in 1384 ms
2020-04-09 09:56:43.117  INFO 13080 --- [restartedMain] o.s.s.concurrent.ThreadPoolTaskExecutor  : Initializing ExecutorService 'applicationTaskExecutor'
2020-04-09 09:56:43.176  INFO 13080 --- [restartedMain] o.s.b.a.w.s.WelcomePageHandlerMapping    : Adding welcome page template: index
2020-04-09 09:56:43.421  INFO 13080 --- [restartedMain] o.s.b.d.a.OptionalLiveReloadServer       : LiveReload server is running on port 35729
2020-04-09 09:56:43.462  INFO 13080 --- [restartedMain] o.s.b.w.embedded.tomcat.TomcatWebServer  : Tomcat started on port(s): 8080 (http) with context path ''
2020-04-09 09:56:43.464  INFO 13080 --- [restartedMain] com.qau.CommunityApplication             : Started CommunityApplication in 2.884 seconds (JVM running for 4.923)
2020-04-09 09:56:56.489  INFO 13080 --- [http-nio-8080-exec-1] o.a.c.c.C.[Tomcat].[localhost].[/]       : Initializing Spring DispatcherServlet 'dispatcherServlet'
2020-04-09 09:56:56.489  INFO 13080 --- [http-nio-8080-exec-1] o.s.web.servlet.DispatcherServlet        : Initializing Servlet 'dispatcherServlet'
2020-04-09 09:56:56.497  INFO 13080 --- [http-nio-8080-exec-1] o.s.web.servlet.DispatcherServlet        : Completed initialization in 7 ms
2020-04-09 09:56:56.738  INFO 13080 --- [http-nio-8080-exec-1] com.zaxxer.hikari.HikariDataSource       : HikariPool-1 - Starting...
2020-04-09 09:56:58.272  INFO 13080 --- [http-nio-8080-exec-1] com.zaxxer.hikari.HikariDataSource       : HikariPool-1 - Start completed.
2020-04-09 10:00:32.603  INFO 19104 --- [restartedMain] com.qau.CommunityApplication             : Starting CommunityApplication on DESKTOP-3BQCHIA with PID 19104 (F:\JavaForum\target\classes started by 13557 in F:\JavaForum)
2020-04-09 10:00:32.608  INFO 19104 --- [restartedMain] com.qau.CommunityApplication             : No active profile set, falling back to default profiles: default
2020-04-09 10:00:32.664  INFO 19104 --- [restartedMain] .e.DevToolsPropertyDefaultsPostProcessor : Devtools property defaults active! Set 'spring.devtools.add-properties' to 'false' to disable
2020-04-09 10:00:32.664  INFO 19104 --- [restartedMain] .e.DevToolsPropertyDefaultsPostProcessor : For additional web related logging consider setting the 'logging.level.web' property to 'DEBUG'
2020-04-09 10:00:34.000  INFO 19104 --- [restartedMain] o.s.b.w.embedded.tomcat.TomcatWebServer  : Tomcat initialized with port(s): 8080 (http)
2020-04-09 10:00:34.012  INFO 19104 --- [restartedMain] o.apache.catalina.core.StandardService   : Starting service [Tomcat]
2020-04-09 10:00:34.012  INFO 19104 --- [restartedMain] org.apache.catalina.core.StandardEngine  : Starting Servlet engine: [Apache Tomcat/9.0.31]
2020-04-09 10:00:34.097  INFO 19104 --- [restartedMain] o.a.c.c.C.[Tomcat].[localhost].[/]       : Initializing Spring embedded WebApplicationContext
2020-04-09 10:00:34.098  INFO 19104 --- [restartedMain] o.s.web.context.ContextLoader            : Root WebApplicationContext: initialization completed in 1433 ms
2020-04-09 10:00:34.738  INFO 19104 --- [restartedMain] o.s.s.concurrent.ThreadPoolTaskExecutor  : Initializing ExecutorService 'applicationTaskExecutor'
2020-04-09 10:00:34.807  INFO 19104 --- [restartedMain] o.s.b.a.w.s.WelcomePageHandlerMapping    : Adding welcome page template: index
2020-04-09 10:00:35.064  INFO 19104 --- [restartedMain] o.s.b.d.a.OptionalLiveReloadServer       : LiveReload server is running on port 35729
2020-04-09 10:00:35.123  INFO 19104 --- [restartedMain] o.s.b.w.embedded.tomcat.TomcatWebServer  : Tomcat started on port(s): 8080 (http) with context path ''
2020-04-09 10:00:35.125  INFO 19104 --- [restartedMain] com.qau.CommunityApplication             : Started CommunityApplication in 2.931 seconds (JVM running for 4.923)
2020-04-09 10:00:52.654  INFO 19104 --- [http-nio-8080-exec-1] o.a.c.c.C.[Tomcat].[localhost].[/]       : Initializing Spring DispatcherServlet 'dispatcherServlet'
2020-04-09 10:00:52.654  INFO 19104 --- [http-nio-8080-exec-1] o.s.web.servlet.DispatcherServlet        : Initializing Servlet 'dispatcherServlet'
2020-04-09 10:00:52.662  INFO 19104 --- [http-nio-8080-exec-1] o.s.web.servlet.DispatcherServlet        : Completed initialization in 8 ms
2020-04-09 10:00:52.729  INFO 19104 --- [http-nio-8080-exec-1] com.zaxxer.hikari.HikariDataSource       : HikariPool-1 - Starting...
2020-04-09 10:00:54.232  INFO 19104 --- [http-nio-8080-exec-1] com.zaxxer.hikari.HikariDataSource       : HikariPool-1 - Start completed.
